
ROM used:   6338/32768 (19%)
            6338/32768 (19%) including unused fragments

            1.1 Average locations per line
            3.6 Average locations per statement

RAM used:   660/2048 (32%) at main() level
            867/2048 (42%) worst case

Stack used: 96 worst case (46 in main + 50 for interrupts)
Stack size: 128

Lines Stmts  %   Files
----- ----- ---  -----
  449   161   9  main.c
  878     0   0  ..\..\..\..\Program Files (x86)\PICC\Devices\30F4011.h
  145     0   0  Inc\lookup_tables.h
 2228   925  53  ..\..\..\..\Program Files (x86)\PICC\Drivers\math.h
 1354   524  30  ..\..\..\..\Program Files (x86)\PICC\Drivers\stdlib.h
   32     0   0  ..\..\..\..\Program Files (x86)\PICC\Drivers\stddef.h
  435   129   7  ..\..\..\..\Program Files (x86)\PICC\Drivers\string.h
   28     0   0  ..\..\..\..\Program Files (x86)\PICC\Drivers\ctype.h
----- -----
 5549  1739 Total

Page ROM  %  RAM    Vol Diff  Functions:
---- --- --- ---    --- ----  ----------
0    376   3    0             @const828
0    376   3    0             @const831
0    376   3    0             @const834
0    376   3    0             @const837
0     58   0    0             @RCV_ISR_1
0    132   1    0             @FLT64
0     94   1    0             @F64TOI64
0    106   1    1             @I64TOF64
0    272   2    1             @MULFF64
0     94   1    1             @F64TOSI64
0    494   4   51     86  3.9  @ADDFF64
0    264   2   51             @DIVFF64
0    680   5  114   1209  9.7  cos
0     60   0    9     39  1.8  sin
0     66   1    1     86  3.9  @MULS3232
0     98   1    0    243  3.2  PWM1_isr
0    534   4    2   1713  8.8  timer3_isr
0    966   8    0   2865 11.8  MAIN
0     40   0    0             @const1622
0     14   0    0             @SPRINTF
0    304   2    0     86  3.9  @PRINTFD16_1624
0     88   1    0   1224  3.9  initMCPWM
0    200   2    0    175  4.2  fill_sine_table
0     14   0    0     86  3.9  QEI_get_direction
 Inline         0    139  4.7  @cinit1

Program metrics:
    Functions               12
    Statements              1739
    Comments                1448
    Volume (V)              11351
    Difficulty (D)          64.8
    Effort to implement (E) 734981
    Time to implement (T)   11 hours, 21 minutes
    Est Delivered Bugs (B)  3
    Cyclomatic Complexity   32
    Maintainability (MI)    6

 Segment     Used  Free
-----------  ----  ----
00000-00002     4  0  
00004-000FE   252  0  
00100-07FFE  6082  26430  



